<?xml version="1.0" encoding="UTF-8"?>
<testsuite name="com.lucaslouca.commands.LLCommandProccesorTest" tests="3" skipped="0" failures="0" errors="0" timestamp="2020-09-30T05:32:50" hostname="TIGER-GOOGLE" time="0.073">
  <properties/>
  <testcase name="testRunUnknownCommand1" classname="com.lucaslouca.commands.LLCommandProccesorTest" time="0.049"/>
  <testcase name="testRunCommand1" classname="com.lucaslouca.commands.LLCommandProccesorTest" time="0.003"/>
  <testcase name="testRunAll" classname="com.lucaslouca.commands.LLCommandProccesorTest" time="0.02"/>
  <system-out><![CDATA[]]></system-out>
  <system-err><![CDATA[]]></system-err>
</testsuite>
