<?xml version="1.0" encoding="UTF-8"?>
<testsuite name="com.lucaslouca.commands.LLRailRoadServiceCommandFactoryTest" tests="8" skipped="0" failures="0" errors="0" timestamp="2020-09-30T05:32:50" hostname="TIGER-GOOGLE" time="0.026">
  <properties/>
  <testcase name="testCreateCountRoutesWithMaxHopsCommand" classname="com.lucaslouca.commands.LLRailRoadServiceCommandFactoryTest" time="0.004"/>
  <testcase name="testCreateDistanceCommand" classname="com.lucaslouca.commands.LLRailRoadServiceCommandFactoryTest" time="0.002"/>
  <testcase name="testUnknownCommand1" classname="com.lucaslouca.commands.LLRailRoadServiceCommandFactoryTest" time="0.002"/>
  <testcase name="testCreateShortestPathCommand" classname="com.lucaslouca.commands.LLRailRoadServiceCommandFactoryTest" time="0.002"/>
  <testcase name="testCreateShortestPathLengthCommand" classname="com.lucaslouca.commands.LLRailRoadServiceCommandFactoryTest" time="0.002"/>
  <testcase name="testCreateCountRoutesWithHopsCommand" classname="com.lucaslouca.commands.LLRailRoadServiceCommandFactoryTest" time="0.002"/>
  <testcase name="testCreateCountRoutesWithMaxDistanceCommand" classname="com.lucaslouca.commands.LLRailRoadServiceCommandFactoryTest" time="0.002"/>
  <testcase name="testInvalidFormat1" classname="com.lucaslouca.commands.LLRailRoadServiceCommandFactoryTest" time="0.008"/>
  <system-out><![CDATA[]]></system-out>
  <system-err><![CDATA[]]></system-err>
</testsuite>
