<?xml version="1.0" encoding="UTF-8"?>
<testsuite name="com.lucaslouca.util.LLPropertyFactoryTest" tests="2" skipped="0" failures="0" errors="0" timestamp="2020-09-30T05:32:50" hostname="TIGER-GOOGLE" time="0.006">
  <properties/>
  <testcase name="testLocale1" classname="com.lucaslouca.util.LLPropertyFactoryTest" time="0.0"/>
  <testcase name="testLocale2" classname="com.lucaslouca.util.LLPropertyFactoryTest" time="0.006"/>
  <system-out><![CDATA[]]></system-out>
  <system-err><![CDATA[]]></system-err>
</testsuite>
