<?xml version="1.0" encoding="UTF-8"?>
<testsuite name="com.lucaslouca.service.LLRailRoadServiceTest" tests="11" skipped="0" failures="0" errors="0" timestamp="2020-09-30T05:32:50" hostname="TIGER-GOOGLE" time="0.022">
  <properties/>
  <testcase name="testDistanceException" classname="com.lucaslouca.service.LLRailRoadServiceTest" time="0.002"/>
  <testcase name="testShortestPathBetween1" classname="com.lucaslouca.service.LLRailRoadServiceTest" time="0.002"/>
  <testcase name="testLengthOfShortestPathBetween1" classname="com.lucaslouca.service.LLRailRoadServiceTest" time="0.001"/>
  <testcase name="testLengthOfShortestPathBetween2" classname="com.lucaslouca.service.LLRailRoadServiceTest" time="0.002"/>
  <testcase name="testCountRoutesWithMaxHops1" classname="com.lucaslouca.service.LLRailRoadServiceTest" time="0.002"/>
  <testcase name="testDistance1" classname="com.lucaslouca.service.LLRailRoadServiceTest" time="0.001"/>
  <testcase name="testDistance2" classname="com.lucaslouca.service.LLRailRoadServiceTest" time="0.002"/>
  <testcase name="testDistance3" classname="com.lucaslouca.service.LLRailRoadServiceTest" time="0.002"/>
  <testcase name="testDistance4" classname="com.lucaslouca.service.LLRailRoadServiceTest" time="0.001"/>
  <testcase name="testCountRoutesWithHops1" classname="com.lucaslouca.service.LLRailRoadServiceTest" time="0.001"/>
  <testcase name="testCountRoutesWithMaxDistance1" classname="com.lucaslouca.service.LLRailRoadServiceTest" time="0.001"/>
  <system-out><![CDATA[]]></system-out>
  <system-err><![CDATA[]]></system-err>
</testsuite>
