<?xml version="1.0" encoding="UTF-8"?>
<testsuite name="com.lucaslouca.util.LLTownMapTest" tests="6" skipped="0" failures="0" errors="0" timestamp="2020-09-30T05:32:50" hostname="TIGER-GOOGLE" time="0.014">
  <properties/>
  <testcase name="testParseInput1" classname="com.lucaslouca.util.LLTownMapTest" time="0.002"/>
  <testcase name="testParseInput2" classname="com.lucaslouca.util.LLTownMapTest" time="0.002"/>
  <testcase name="testParseInput3" classname="com.lucaslouca.util.LLTownMapTest" time="0.002"/>
  <testcase name="testParseInputException1" classname="com.lucaslouca.util.LLTownMapTest" time="0.002"/>
  <testcase name="testParseInputException2" classname="com.lucaslouca.util.LLTownMapTest" time="0.001"/>
  <testcase name="testParseInputException3" classname="com.lucaslouca.util.LLTownMapTest" time="0.002"/>
  <system-out><![CDATA[]]></system-out>
  <system-err><![CDATA[]]></system-err>
</testsuite>
